Started GET "/" for 127.0.0.1 at 2021-01-22 17:27:24 +0100
  [1m[35m (15.6ms)[0m  [1m[34mSELECT sqlite_version(*)[0m
Processing by Rails::WelcomeController#index as HTML
  Rendering /home/kamwa/.rvm/gems/ruby-2.7.2/gems/railties-6.0.3.4/lib/rails/templates/rails/welcome/index.html.erb
  Rendered /home/kamwa/.rvm/gems/ruby-2.7.2/gems/railties-6.0.3.4/lib/rails/templates/rails/welcome/index.html.erb (Duration: 105.3ms | Allocations: 400)
Completed 200 OK in 276ms (Views: 182.3ms | ActiveRecord: 0.0ms | Allocations: 4795)


  [1m[35m (0.9ms)[0m  [1m[34mSELECT sqlite_version(*)[0m
  [1m[35m (30.7ms)[0m  [1m[35mCREATE TABLE "schema_migrations" ("version" varchar NOT NULL PRIMARY KEY)[0m
  [1m[35m (14.0ms)[0m  [1m[35mCREATE TABLE "ar_internal_metadata" ("key" varchar NOT NULL PRIMARY KEY, "value" varchar, "created_at" datetime(6) NOT NULL, "updated_at" datetime(6) NOT NULL)[0m
  [1m[35m (0.2ms)[0m  [1m[34mSELECT "schema_migrations"."version" FROM "schema_migrations" ORDER BY "schema_migrations"."version" ASC[0m
Migrating to CreateLinks (20210122163445)
  [1m[35m (0.1ms)[0m  [1m[36mbegin transaction[0m
  [1m[35m (5.3ms)[0m  [1m[35mCREATE TABLE "links" ("id" integer PRIMARY KEY AUTOINCREMENT NOT NULL, "title" varchar, "url" varchar, "created_at" datetime(6) NOT NULL, "updated_at" datetime(6) NOT NULL)[0m
  [1m[36mprimary::SchemaMigration Create (4.7ms)[0m  [1m[32mINSERT INTO "schema_migrations" ("version") VALUES (?)[0m  [["version", "20210122163445"]]
  [1m[35m (12.4ms)[0m  [1m[36mcommit transaction[0m
  [1m[36mActiveRecord::InternalMetadata Load (0.3ms)[0m  [1m[34mSELECT "ar_internal_metadata".* FROM "ar_internal_metadata" WHERE "ar_internal_metadata"."key" = ? LIMIT ?[0m  [["key", "environment"], ["LIMIT", 1]]
  [1m[35m (0.1ms)[0m  [1m[36mbegin transaction[0m
  [1m[36mActiveRecord::InternalMetadata Create (6.9ms)[0m  [1m[32mINSERT INTO "ar_internal_metadata" ("key", "value", "created_at", "updated_at") VALUES (?, ?, ?, ?)[0m  [["key", "environment"], ["value", "development"], ["created_at", "2021-01-22 16:35:19.845775"], ["updated_at", "2021-01-22 16:35:19.845775"]]
  [1m[35m (17.3ms)[0m  [1m[36mcommit transaction[0m
  [1m[35m (0.1ms)[0m  [1m[34mSELECT sqlite_version(*)[0m
  [1m[35m (0.2ms)[0m  [1m[34mSELECT "schema_migrations"."version" FROM "schema_migrations" ORDER BY "schema_migrations"."version" ASC[0m
Started GET "/" for 127.0.0.1 at 2021-01-22 17:36:15 +0100
  [1m[35m (1.0ms)[0m  [1m[34mSELECT sqlite_version(*)[0m
  [1m[35m (0.3ms)[0m  [1m[34mSELECT "schema_migrations"."version" FROM "schema_migrations" ORDER BY "schema_migrations"."version" ASC[0m
Processing by Rails::WelcomeController#index as HTML
  Rendering /home/kamwa/.rvm/gems/ruby-2.7.2/gems/railties-6.0.3.4/lib/rails/templates/rails/welcome/index.html.erb
  Rendered /home/kamwa/.rvm/gems/ruby-2.7.2/gems/railties-6.0.3.4/lib/rails/templates/rails/welcome/index.html.erb (Duration: 56.8ms | Allocations: 294)
Completed 200 OK in 140ms (Views: 70.1ms | ActiveRecord: 0.0ms | Allocations: 4127)


Started GET "/links" for 127.0.0.1 at 2021-01-22 17:36:23 +0100
Processing by LinksController#index as HTML
  Rendering links/index.html.erb within layouts/application
  [1m[36mLink Load (0.3ms)[0m  [1m[34mSELECT "links".* FROM "links"[0m
  ↳ app/views/links/index.html.erb:15
  Rendered links/index.html.erb within layouts/application (Duration: 20.3ms | Allocations: 1294)
[Webpacker] Compiling...
[Webpacker] Compiled all packs in /home/kamwa/micro-reddit/public/packs
[Webpacker] Hash: 76145d9ce4575ebaa29b
Version: webpack 4.46.0
Time: 11521ms
Built at: 01/22/2021 5:36:43 PM
                                     Asset       Size       Chunks                         Chunk Names
    js/application-c229f7c7014cf8c8d494.js    124 KiB  application  [emitted] [immutable]  application
js/application-c229f7c7014cf8c8d494.js.map    139 KiB  application  [emitted] [dev]        application
                             manifest.json  364 bytes               [emitted]              
Entrypoint application = js/application-c229f7c7014cf8c8d494.js js/application-c229f7c7014cf8c8d494.js.map
[./app/javascript/channels sync recursive _channel\.js$] ./app/javascript/channels sync _channel\.js$ 160 bytes {application} [built]
[./app/javascript/channels/index.js] 211 bytes {application} [built]
[./app/javascript/packs/application.js] 749 bytes {application} [built]
[./node_modules/webpack/buildin/module.js] (webpack)/buildin/module.js 552 bytes {application} [built]
    + 3 hidden modules

Completed 200 OK in 19758ms (Views: 19728.0ms | ActiveRecord: 0.9ms | Allocations: 24281)


Started GET "/links/new" for 127.0.0.1 at 2021-01-22 17:39:18 +0100
Processing by LinksController#new as HTML
  Rendering links/new.html.erb within layouts/application
  Rendered links/_form.html.erb (Duration: 282.4ms | Allocations: 6769)
  Rendered links/new.html.erb within layouts/application (Duration: 296.4ms | Allocations: 7107)
[Webpacker] Everything's up-to-date. Nothing to do
Completed 200 OK in 406ms (Views: 371.2ms | ActiveRecord: 0.9ms | Allocations: 13121)


Started POST "/links" for 127.0.0.1 at 2021-01-22 17:39:36 +0100
Processing by LinksController#create as HTML
  Parameters: {"authenticity_token"=>"AEdIH84fl9SF0sx/7pNy4FjvjBQEMysjrRAV1WluBJij8z6gMEW1pRNOAd1shBH5d2SzuuDLh88iuK5fct6z3w==", "link"=>{"title"=>"Yooo", "url"=>"https://github.com/emmanuellekamwa/micro-reddit"}, "commit"=>"Create Link"}
  [1m[35m (0.1ms)[0m  [1m[36mbegin transaction[0m
  ↳ app/controllers/links_controller.rb:30:in `block in create'
  [1m[36mLink Create (11.2ms)[0m  [1m[32mINSERT INTO "links" ("title", "url", "created_at", "updated_at") VALUES (?, ?, ?, ?)[0m  [["title", "Yooo"], ["url", "https://github.com/emmanuellekamwa/micro-reddit"], ["created_at", "2021-01-22 16:39:36.456352"], ["updated_at", "2021-01-22 16:39:36.456352"]]
  ↳ app/controllers/links_controller.rb:30:in `block in create'
  [1m[35m (12.4ms)[0m  [1m[36mcommit transaction[0m
  ↳ app/controllers/links_controller.rb:30:in `block in create'
Redirected to http://localhost:3000/links/1
Completed 302 Found in 188ms (ActiveRecord: 23.7ms | Allocations: 5111)


Started GET "/links/1" for 127.0.0.1 at 2021-01-22 17:39:36 +0100
Processing by LinksController#show as HTML
  Parameters: {"id"=>"1"}
  [1m[36mLink Load (0.3ms)[0m  [1m[34mSELECT "links".* FROM "links" WHERE "links"."id" = ? LIMIT ?[0m  [["id", 1], ["LIMIT", 1]]
  ↳ app/controllers/links_controller.rb:67:in `set_link'
  Rendering links/show.html.erb within layouts/application
  Rendered links/show.html.erb within layouts/application (Duration: 13.9ms | Allocations: 251)
[Webpacker] Everything's up-to-date. Nothing to do
Completed 200 OK in 93ms (Views: 57.9ms | ActiveRecord: 0.3ms | Allocations: 4679)


Started GET "/links/1/edit" for 127.0.0.1 at 2021-01-22 17:39:53 +0100
Processing by LinksController#edit as HTML
  Parameters: {"id"=>"1"}
  [1m[36mLink Load (0.2ms)[0m  [1m[34mSELECT "links".* FROM "links" WHERE "links"."id" = ? LIMIT ?[0m  [["id", 1], ["LIMIT", 1]]
  ↳ app/controllers/links_controller.rb:67:in `set_link'
  Rendering links/edit.html.erb within layouts/application
  Rendered links/_form.html.erb (Duration: 3.6ms | Allocations: 753)
  Rendered links/edit.html.erb within layouts/application (Duration: 48.5ms | Allocations: 991)
[Webpacker] Everything's up-to-date. Nothing to do
Completed 200 OK in 97ms (Views: 84.6ms | ActiveRecord: 0.2ms | Allocations: 5000)


Started PATCH "/links/1" for 127.0.0.1 at 2021-01-22 17:40:14 +0100
Processing by LinksController#update as HTML
  Parameters: {"authenticity_token"=>"4JMSJ2m2eFqMCaDzrAkX3fxcf01D8yus/BSEB16WiJI1ycYYRT8EPPa1My2fpfuid9GVcLoDyXwX4tOaRt179w==", "link"=>{"title"=>"Heyyyy", "url"=>"https://github.com/emmanuellekamwa/micro-reddit"}, "commit"=>"Update Link", "id"=>"1"}
  [1m[36mLink Load (0.2ms)[0m  [1m[34mSELECT "links".* FROM "links" WHERE "links"."id" = ? LIMIT ?[0m  [["id", 1], ["LIMIT", 1]]
  ↳ app/controllers/links_controller.rb:67:in `set_link'
  [1m[35m (0.4ms)[0m  [1m[36mbegin transaction[0m
  ↳ app/controllers/links_controller.rb:44:in `block in update'
  [1m[36mLink Update (7.2ms)[0m  [1m[33mUPDATE "links" SET "title" = ?, "updated_at" = ? WHERE "links"."id" = ?[0m  [["title", "Heyyyy"], ["updated_at", "2021-01-22 16:40:14.201848"], ["id", 1]]
  ↳ app/controllers/links_controller.rb:44:in `block in update'
  [1m[35m (10.4ms)[0m  [1m[36mcommit transaction[0m
  ↳ app/controllers/links_controller.rb:44:in `block in update'
Redirected to http://localhost:3000/links/1
Completed 302 Found in 96ms (ActiveRecord: 18.2ms | Allocations: 5302)


Started GET "/links/1" for 127.0.0.1 at 2021-01-22 17:40:14 +0100
Processing by LinksController#show as HTML
  Parameters: {"id"=>"1"}
  [1m[36mLink Load (3.7ms)[0m  [1m[34mSELECT "links".* FROM "links" WHERE "links"."id" = ? LIMIT ?[0m  [["id", 1], ["LIMIT", 1]]
  ↳ app/controllers/links_controller.rb:67:in `set_link'
  Rendering links/show.html.erb within layouts/application
  Rendered links/show.html.erb within layouts/application (Duration: 0.5ms | Allocations: 85)
[Webpacker] Everything's up-to-date. Nothing to do
Completed 200 OK in 53ms (Views: 39.3ms | ActiveRecord: 3.7ms | Allocations: 4294)


Started GET "/links/1/edit" for 127.0.0.1 at 2021-01-22 17:42:02 +0100
Processing by LinksController#edit as HTML
  Parameters: {"id"=>"1"}
  [1m[36mLink Load (0.2ms)[0m  [1m[34mSELECT "links".* FROM "links" WHERE "links"."id" = ? LIMIT ?[0m  [["id", 1], ["LIMIT", 1]]
  ↳ app/controllers/links_controller.rb:67:in `set_link'
  Rendering links/edit.html.erb within layouts/application
  Rendered links/_form.html.erb (Duration: 7.0ms | Allocations: 724)
  Rendered links/edit.html.erb within layouts/application (Duration: 10.9ms | Allocations: 837)
[Webpacker] Everything's up-to-date. Nothing to do
Completed 200 OK in 50ms (Views: 37.8ms | ActiveRecord: 0.2ms | Allocations: 4694)


Started PATCH "/links/1" for 127.0.0.1 at 2021-01-22 17:42:18 +0100
Processing by LinksController#update as HTML
  Parameters: {"authenticity_token"=>"iCivb9Bpo/4sG5P0AnQqpKTf75YFIt0+Oayk0Hhr+rddcntQ/ODfmFanACox2MbbL1IFq/zSP+7SWvNNYCAJ0g==", "link"=>{"title"=>"Hello", "url"=>"https://github.com"}, "commit"=>"Update Link", "id"=>"1"}
  [1m[36mLink Load (0.3ms)[0m  [1m[34mSELECT "links".* FROM "links" WHERE "links"."id" = ? LIMIT ?[0m  [["id", 1], ["LIMIT", 1]]
  ↳ app/controllers/links_controller.rb:67:in `set_link'
  [1m[35m (0.1ms)[0m  [1m[36mbegin transaction[0m
  ↳ app/controllers/links_controller.rb:44:in `block in update'
  [1m[36mLink Update (7.2ms)[0m  [1m[33mUPDATE "links" SET "title" = ?, "url" = ?, "updated_at" = ? WHERE "links"."id" = ?[0m  [["title", "Hello"], ["url", "https://github.com"], ["updated_at", "2021-01-22 16:42:18.783096"], ["id", 1]]
  ↳ app/controllers/links_controller.rb:44:in `block in update'
  [1m[35m (14.9ms)[0m  [1m[36mcommit transaction[0m
  ↳ app/controllers/links_controller.rb:44:in `block in update'
Redirected to http://localhost:3000/links/1
Completed 302 Found in 88ms (ActiveRecord: 22.4ms | Allocations: 5283)


Started GET "/links/1" for 127.0.0.1 at 2021-01-22 17:42:18 +0100
Processing by LinksController#show as HTML
  Parameters: {"id"=>"1"}
  [1m[36mLink Load (0.2ms)[0m  [1m[34mSELECT "links".* FROM "links" WHERE "links"."id" = ? LIMIT ?[0m  [["id", 1], ["LIMIT", 1]]
  ↳ app/controllers/links_controller.rb:67:in `set_link'
  Rendering links/show.html.erb within layouts/application
  Rendered links/show.html.erb within layouts/application (Duration: 0.8ms | Allocations: 82)
[Webpacker] Everything's up-to-date. Nothing to do
Completed 200 OK in 43ms (Views: 31.2ms | ActiveRecord: 0.2ms | Allocations: 4269)


Started GET "/links" for 127.0.0.1 at 2021-01-22 17:47:48 +0100
Processing by LinksController#index as HTML
  Rendering links/index.html.erb within layouts/application
  [1m[36mLink Load (0.2ms)[0m  [1m[34mSELECT "links".* FROM "links"[0m
  ↳ app/views/links/index.html.erb:15
  Rendered links/index.html.erb within layouts/application (Duration: 12.3ms | Allocations: 764)
[Webpacker] Everything's up-to-date. Nothing to do
Completed 200 OK in 45ms (Views: 44.2ms | ActiveRecord: 0.2ms | Allocations: 4101)


Started GET "/links/new" for 127.0.0.1 at 2021-01-22 17:47:55 +0100
Processing by LinksController#new as HTML
  Rendering links/new.html.erb within layouts/application
  Rendered links/_form.html.erb (Duration: 2.8ms | Allocations: 676)
  Rendered links/new.html.erb within layouts/application (Duration: 8.1ms | Allocations: 758)
[Webpacker] Everything's up-to-date. Nothing to do
Completed 200 OK in 37ms (Views: 36.0ms | ActiveRecord: 0.0ms | Allocations: 4089)


Started POST "/links" for 127.0.0.1 at 2021-01-22 17:48:04 +0100
Processing by LinksController#create as HTML
  Parameters: {"authenticity_token"=>"WQoi8eqZwb6i5q/axr+12QExEn6cFJQVlqt147qLhL76vlROFMPjzzR6YnhEqNbALrot0HjsOPkZA85poTsz+Q==", "link"=>{"title"=>"yaaaa", "url"=>"https://github.com/emmanuellekamwa/micro-reddit"}, "commit"=>"Create Link"}
  [1m[35m (0.1ms)[0m  [1m[36mbegin transaction[0m
  ↳ app/controllers/links_controller.rb:30:in `block in create'
  [1m[36mLink Create (8.2ms)[0m  [1m[32mINSERT INTO "links" ("title", "url", "created_at", "updated_at") VALUES (?, ?, ?, ?)[0m  [["title", "yaaaa"], ["url", "https://github.com/emmanuellekamwa/micro-reddit"], ["created_at", "2021-01-22 16:48:04.520858"], ["updated_at", "2021-01-22 16:48:04.520858"]]
  ↳ app/controllers/links_controller.rb:30:in `block in create'
  [1m[35m (30.8ms)[0m  [1m[36mcommit transaction[0m
  ↳ app/controllers/links_controller.rb:30:in `block in create'
Redirected to http://localhost:3000/links/2
Completed 302 Found in 90ms (ActiveRecord: 39.2ms | Allocations: 4638)


Started GET "/links/2" for 127.0.0.1 at 2021-01-22 17:48:04 +0100
Processing by LinksController#show as HTML
  Parameters: {"id"=>"2"}
  [1m[36mLink Load (0.2ms)[0m  [1m[34mSELECT "links".* FROM "links" WHERE "links"."id" = ? LIMIT ?[0m  [["id", 2], ["LIMIT", 1]]
  ↳ app/controllers/links_controller.rb:67:in `set_link'
  Rendering links/show.html.erb within layouts/application
  Rendered links/show.html.erb within layouts/application (Duration: 0.6ms | Allocations: 83)
[Webpacker] Everything's up-to-date. Nothing to do
Completed 200 OK in 42ms (Views: 27.8ms | ActiveRecord: 0.2ms | Allocations: 4270)


Started GET "/links" for 127.0.0.1 at 2021-01-22 17:48:07 +0100
Processing by LinksController#index as HTML
  Rendering links/index.html.erb within layouts/application
  [1m[36mLink Load (1.3ms)[0m  [1m[34mSELECT "links".* FROM "links"[0m
  ↳ app/views/links/index.html.erb:15
  Rendered links/index.html.erb within layouts/application (Duration: 15.7ms | Allocations: 888)
[Webpacker] Everything's up-to-date. Nothing to do
Completed 200 OK in 44ms (Views: 41.2ms | ActiveRecord: 1.3ms | Allocations: 4216)


Started GET "/links" for 127.0.0.1 at 2021-01-22 18:17:36 +0100
  [1m[35m (19.6ms)[0m  [1m[34mSELECT sqlite_version(*)[0m
  [1m[35m (0.3ms)[0m  [1m[34mSELECT "schema_migrations"."version" FROM "schema_migrations" ORDER BY "schema_migrations"."version" ASC[0m
Processing by LinksController#index as HTML
  Rendering links/index.html.erb within layouts/application
  [1m[36mLink Load (17.7ms)[0m  [1m[34mSELECT "links".* FROM "links"[0m
  ↳ app/views/links/index.html.erb:15
  Rendered links/index.html.erb within layouts/application (Duration: 151.9ms | Allocations: 4337)
[Webpacker] Everything's up-to-date. Nothing to do
Completed 200 OK in 1046ms (Views: 909.7ms | ActiveRecord: 19.3ms | Allocations: 11971)


Started GET "/links" for 127.0.0.1 at 2021-01-22 18:17:52 +0100
Processing by LinksController#index as HTML
  Rendering links/index.html.erb within layouts/application
  [1m[36mLink Load (0.2ms)[0m  [1m[34mSELECT "links".* FROM "links"[0m
  ↳ app/views/links/index.html.erb:15
  Rendered links/index.html.erb within layouts/application (Duration: 11.3ms | Allocations: 909)
[Webpacker] Everything's up-to-date. Nothing to do
Completed 200 OK in 79ms (Views: 72.8ms | ActiveRecord: 0.2ms | Allocations: 4267)


  [1m[35m (7.9ms)[0m  [1m[34mSELECT sqlite_version(*)[0m
  [1m[35m (0.3ms)[0m  [1m[34mSELECT "schema_migrations"."version" FROM "schema_migrations" ORDER BY "schema_migrations"."version" ASC[0m
Migrating to DeviseCreateUsers (20210122172032)
  [1m[35m (0.1ms)[0m  [1m[36mbegin transaction[0m
  [1m[35m (9.5ms)[0m  [1m[35mCREATE TABLE "users" ("id" integer PRIMARY KEY AUTOINCREMENT NOT NULL, "email" varchar DEFAULT '' NOT NULL, "encrypted_password" varchar DEFAULT '' NOT NULL, "reset_password_token" varchar, "reset_password_sent_at" datetime, "remember_created_at" datetime, "created_at" datetime(6) NOT NULL, "updated_at" datetime(6) NOT NULL)[0m
  [1m[35m (0.3ms)[0m  [1m[35mCREATE UNIQUE INDEX "index_users_on_email" ON "users" ("email")[0m
  [1m[35m (0.3ms)[0m  [1m[35mCREATE UNIQUE INDEX "index_users_on_reset_password_token" ON "users" ("reset_password_token")[0m
  [1m[36mprimary::SchemaMigration Create (6.1ms)[0m  [1m[32mINSERT INTO "schema_migrations" ("version") VALUES (?)[0m  [["version", "20210122172032"]]
  [1m[35m (29.2ms)[0m  [1m[36mcommit transaction[0m
  [1m[36mActiveRecord::InternalMetadata Load (0.3ms)[0m  [1m[34mSELECT "ar_internal_metadata".* FROM "ar_internal_metadata" WHERE "ar_internal_metadata"."key" = ? LIMIT ?[0m  [["key", "environment"], ["LIMIT", 1]]
  [1m[35m (0.1ms)[0m  [1m[34mSELECT sqlite_version(*)[0m
  [1m[35m (0.2ms)[0m  [1m[34mSELECT "schema_migrations"."version" FROM "schema_migrations" ORDER BY "schema_migrations"."version" ASC[0m
Started GET "/users/sign_up" for 127.0.0.1 at 2021-01-22 18:42:29 +0100
  [1m[35m (0.8ms)[0m  [1m[34mSELECT sqlite_version(*)[0m
  [1m[35m (0.2ms)[0m  [1m[34mSELECT "schema_migrations"."version" FROM "schema_migrations" ORDER BY "schema_migrations"."version" ASC[0m
Processing by Devise::RegistrationsController#new as HTML
  Rendering devise/registrations/new.html.erb within layouts/application
  Rendered devise/shared/_error_messages.html.erb (Duration: 11.6ms | Allocations: 196)
  Rendered devise/shared/_links.html.erb (Duration: 6.4ms | Allocations: 509)
  Rendered devise/registrations/new.html.erb within layouts/application (Duration: 262.6ms | Allocations: 5914)
[Webpacker] Everything's up-to-date. Nothing to do
Completed 200 OK in 555ms (Views: 462.4ms | ActiveRecord: 1.3ms | Allocations: 18390)


Started POST "/users" for 127.0.0.1 at 2021-01-22 18:43:07 +0100
Processing by Devise::RegistrationsController#create as HTML
  Parameters: {"authenticity_token"=>"A0LRbpyRtnO3cAtUZldzNHnb/k6JgO7za4oVtNkekWUPQxk0wGdPNcpr95tWqVcJ8AmSlmA6eK3CIb3i7qWzwQ==", "user"=>{"email"=>"emmanuellekamwa@gmail.com", "password"=>"[FILTERED]", "password_confirmation"=>"[FILTERED]"}, "commit"=>"Sign up"}
  [1m[35m (0.1ms)[0m  [1m[36mbegin transaction[0m
  [1m[36mUser Exists? (0.4ms)[0m  [1m[34mSELECT 1 AS one FROM "users" WHERE "users"."email" = ? LIMIT ?[0m  [["email", "emmanuellekamwa@gmail.com"], ["LIMIT", 1]]
  [1m[36mUser Create (5.5ms)[0m  [1m[32mINSERT INTO "users" ("email", "encrypted_password", "created_at", "updated_at") VALUES (?, ?, ?, ?)[0m  [["email", "emmanuellekamwa@gmail.com"], ["encrypted_password", "$2a$12$yU.4Ifc6jZTbyfpEl64Jce1O0lA4OrhbTQVEKE4sVpcIuc4l.UAmy"], ["created_at", "2021-01-22 17:43:08.663613"], ["updated_at", "2021-01-22 17:43:08.663613"]]
  [1m[35m (28.3ms)[0m  [1m[36mcommit transaction[0m
Redirected to http://localhost:3000/
Completed 302 Found in 955ms (ActiveRecord: 34.3ms | Allocations: 13064)


Started GET "/" for 127.0.0.1 at 2021-01-22 18:43:08 +0100
Processing by LinksController#index as HTML
  Rendering links/index.html.erb within layouts/application
  [1m[36mLink Load (0.5ms)[0m  [1m[34mSELECT "links".* FROM "links"[0m
  ↳ app/views/links/index.html.erb:15
  Rendered links/index.html.erb within layouts/application (Duration: 73.6ms | Allocations: 3908)
[Webpacker] Everything's up-to-date. Nothing to do
Completed 200 OK in 129ms (Views: 112.4ms | ActiveRecord: 1.6ms | Allocations: 8185)


  [1m[35m (1.0ms)[0m  [1m[34mSELECT sqlite_version(*)[0m
  [1m[35m (0.2ms)[0m  [1m[34mSELECT COUNT(*) FROM "users"[0m
  [1m[36mUser Load (0.3ms)[0m  [1m[34mSELECT "users".* FROM "users" ORDER BY "users"."id" ASC LIMIT ?[0m  [["LIMIT", 1]]
